This is pdfTeX, Version 3.141592653-2.6-1.40.23 (TeX Live 2021/W32TeX) (preloaded format=pdflatex 2022.1.23)  19 JUL 2022 14:59
entering extended mode
 restricted \write18 enabled.
 file:line:error style messages enabled.
 %&-line parsing enabled.
**d:/code/Program_latex/templete.tex
(d:/code/Program_latex/templete.tex
LaTeX2e <2021-11-15> patch level 1
L3 programming layer <2022-01-21> (d:/texlive/2021/texmf-dist/tex/latex/base/report.cls
Document Class: report 2021/10/04 v1.4n Standard LaTeX document class
(d:/texlive/2021/texmf-dist/tex/latex/base/size12.clo
File: size12.clo 2021/10/04 v1.4n Standard LaTeX file (size option)
)
\c@part=\count185
\c@chapter=\count186
\c@section=\count187
\c@subsection=\count188
\c@subsubsection=\count189
\c@paragraph=\count190
\c@subparagraph=\count191
\c@figure=\count192
\c@table=\count193
\abovecaptionskip=\skip47
\belowcaptionskip=\skip48
\bibindent=\dimen138
) (d:/texlive/2021/texmf-dist/tex/latex/cjk/texinput/CJKutf8.sty
Package: CJKutf8 2021/10/16 4.8.5
 (d:/texlive/2021/texmf-dist/tex/generic/iftex/ifpdf.sty
Package: ifpdf 2019/10/25 v3.4 ifpdf legacy package. Use iftex instead.
 (d:/texlive/2021/texmf-dist/tex/generic/iftex/iftex.sty
Package: iftex 2020/03/06 v1.0d TeX engine tests
)) (d:/texlive/2021/texmf-dist/tex/latex/base/inputenc.sty
Package: inputenc 2021/02/14 v1.3d Input encoding file
\inpenc@prehook=\toks16
\inpenc@posthook=\toks17
) (d:/texlive/2021/texmf-dist/tex/latex/cjk/texinput/CJK.sty
Package: CJK 2021/10/16 4.8.5
 (d:/texlive/2021/texmf-dist/tex/latex/cjk/texinput/mule/MULEenc.sty
Package: MULEenc 2021/10/16 4.8.5
) (d:/texlive/2021/texmf-dist/tex/latex/cjk/texinput/CJK.enc
File: CJK.enc 2021/10/16 4.8.5
Now handling font encoding C00 ...
... no UTF-8 mapping file for font encoding C00
Now handling font encoding C05 ...
... no UTF-8 mapping file for font encoding C05
Now handling font encoding C09 ...
... no UTF-8 mapping file for font encoding C09
Now handling font encoding C10 ...
... no UTF-8 mapping file for font encoding C10
Now handling font encoding C20 ...
... no UTF-8 mapping file for font encoding C20
Now handling font encoding C19 ...
... no UTF-8 mapping file for font encoding C19
Now handling font encoding C40 ...
... no UTF-8 mapping file for font encoding C40
Now handling font encoding C42 ...
... no UTF-8 mapping file for font encoding C42
Now handling font encoding C43 ...
... no UTF-8 mapping file for font encoding C43
Now handling font encoding C50 ...
... no UTF-8 mapping file for font encoding C50
Now handling font encoding C52 ...
... no UTF-8 mapping file for font encoding C52
Now handling font encoding C49 ...
... no UTF-8 mapping file for font encoding C49
Now handling font encoding C60 ...
... no UTF-8 mapping file for font encoding C60
Now handling font encoding C61 ...
... no UTF-8 mapping file for font encoding C61
Now handling font encoding C63 ...
... no UTF-8 mapping file for font encoding C63
Now handling font encoding C64 ...
... no UTF-8 mapping file for font encoding C64
Now handling font encoding C65 ...
... no UTF-8 mapping file for font encoding C65
Now handling font encoding C70 ...
... no UTF-8 mapping file for font encoding C70
Now handling font encoding C31 ...
... no UTF-8 mapping file for font encoding C31
Now handling font encoding C32 ...
... no UTF-8 mapping file for font encoding C32
Now handling font encoding C33 ...
... no UTF-8 mapping file for font encoding C33
Now handling font encoding C34 ...
... no UTF-8 mapping file for font encoding C34
Now handling font encoding C35 ...
... no UTF-8 mapping file for font encoding C35
Now handling font encoding C36 ...
... no UTF-8 mapping file for font encoding C36
Now handling font encoding C37 ...
... no UTF-8 mapping file for font encoding C37
Now handling font encoding C80 ...
... no UTF-8 mapping file for font encoding C80
Now handling font encoding C81 ...
... no UTF-8 mapping file for font encoding C81
Now handling font encoding C01 ...
... no UTF-8 mapping file for font encoding C01
Now handling font encoding C11 ...
... no UTF-8 mapping file for font encoding C11
Now handling font encoding C21 ...
... no UTF-8 mapping file for font encoding C21
Now handling font encoding C41 ...
... no UTF-8 mapping file for font encoding C41
Now handling font encoding C62 ...
... no UTF-8 mapping file for font encoding C62
)
\CJK@indent=\box50
) (d:/texlive/2021/texmf-dist/tex/latex/base/fontenc.sty
Package: fontenc 2021/04/29 v2.0v Standard LaTeX package
)) (d:/texlive/2021/texmf-dist/tex/latex/graphics/graphicx.sty
Package: graphicx 2021/09/16 v1.2d Enhanced LaTeX Graphics (DPC,SPQR)
 (d:/texlive/2021/texmf-dist/tex/latex/graphics/keyval.sty
Package: keyval 2014/10/28 v1.15 key=value parser (DPC)
\KV@toks@=\toks18
) (d:/texlive/2021/texmf-dist/tex/latex/graphics/graphics.sty
Package: graphics 2021/03/04 v1.4d Standard LaTeX Graphics (DPC,SPQR)
 (d:/texlive/2021/texmf-dist/tex/latex/graphics/trig.sty
Package: trig 2021/08/11 v1.11 sin cos tan (DPC)
) (d:/texlive/2021/texmf-dist/tex/latex/graphics-cfg/graphics.cfg
File: graphics.cfg 2016/06/04 v1.11 sample graphics configuration
)
Package graphics Info: Driver file: pdftex.def on input line 107.
 (d:/texlive/2021/texmf-dist/tex/latex/graphics-def/pdftex.def
File: pdftex.def 2020/10/05 v1.2a Graphics/color driver for pdftex
))
\Gin@req@height=\dimen139
\Gin@req@width=\dimen140
) (d:/texlive/2021/texmf-dist/tex/latex/amsmath/amsmath.sty
Package: amsmath 2021/10/15 v2.17l AMS math features
\@mathmargin=\skip49

For additional information on amsmath, use the `?' option.
(d:/texlive/2021/texmf-dist/tex/latex/amsmath/amstext.sty
Package: amstext 2021/08/26 v2.01 AMS text
 (d:/texlive/2021/texmf-dist/tex/latex/amsmath/amsgen.sty
File: amsgen.sty 1999/11/30 v2.0 generic functions
\@emptytoks=\toks19
\ex@=\dimen141
)) (d:/texlive/2021/texmf-dist/tex/latex/amsmath/amsbsy.sty
Package: amsbsy 1999/11/29 v1.2d Bold Symbols
\pmbraise@=\dimen142
) (d:/texlive/2021/texmf-dist/tex/latex/amsmath/amsopn.sty
Package: amsopn 2021/08/26 v2.02 operator names
)
\inf@bad=\count194
LaTeX Info: Redefining \frac on input line 234.
\uproot@=\count195
\leftroot@=\count196
LaTeX Info: Redefining \overline on input line 399.
\classnum@=\count197
\DOTSCASE@=\count198
LaTeX Info: Redefining \ldots on input line 496.
LaTeX Info: Redefining \dots on input line 499.
LaTeX Info: Redefining \cdots on input line 620.
\Mathstrutbox@=\box51
\strutbox@=\box52
\big@size=\dimen143
LaTeX Font Info:    Redeclaring font encoding OML on input line 743.
LaTeX Font Info:    Redeclaring font encoding OMS on input line 744.
\macc@depth=\count199
\c@MaxMatrixCols=\count266
\dotsspace@=\muskip16
\c@parentequation=\count267
\dspbrk@lvl=\count268
\tag@help=\toks20
\row@=\count269
\column@=\count270
\maxfields@=\count271
\andhelp@=\toks21
\eqnshift@=\dimen144
\alignsep@=\dimen145
\tagshift@=\dimen146
\tagwidth@=\dimen147
\totwidth@=\dimen148
\lineht@=\dimen149
\@envbody=\toks22
\multlinegap=\skip50
\multlinetaggap=\skip51
\mathdisplay@stack=\toks23
LaTeX Info: Redefining \[ on input line 2938.
LaTeX Info: Redefining \] on input line 2939.
) (d:/texlive/2021/texmf-dist/tex/latex/fancyhdr/fancyhdr.sty
Package: fancyhdr 2021/01/28 v4.0.1 Extensive control of page headers and footers
\f@nch@headwidth=\skip52
\f@nch@O@elh=\skip53
\f@nch@O@erh=\skip54
\f@nch@O@olh=\skip55
\f@nch@O@orh=\skip56
\f@nch@O@elf=\skip57
\f@nch@O@erf=\skip58
\f@nch@O@olf=\skip59
\f@nch@O@orf=\skip60
) (d:/texlive/2021/texmf-dist/tex/latex/cite/cite.sty
LaTeX Info: Redefining \cite on input line 302.
LaTeX Info: Redefining \nocite on input line 332.
Package: cite 2015/02/27  v 5.5
) (d:/texlive/2021/texmf-dist/tex/latex/framed/framed.sty
Package: framed 2011/10/22 v 0.96: framed or shaded text with page breaks
\OuterFrameSep=\skip61
\fb@frw=\dimen150
\fb@frh=\dimen151
\FrameRule=\dimen152
\FrameSep=\dimen153
) (d:/texlive/2021/texmf-dist/tex/latex/a4wide/a4wide.sty
Package: a4wide 1994/08/30
 (d:/texlive/2021/texmf-dist/tex/latex/ntgclass/a4.sty
Package: a4 2020/02/18 v1.2g A4 based page layout
)) (d:/texlive/2021/texmf-dist/tex/latex/float/float.sty
Package: float 2001/11/08 v1.3d Float enhancements (AL)
\c@float@type=\count272
\float@exts=\toks24
\float@box=\box53
\@float@everytoks=\toks25
\@floatcapt=\box54
) (d:/texlive/2021/texmf-dist/tex/latex/blindtext/blindtext.sty
Package: blindtext 2012/01/06 V2.0 blindtext-Package
 (d:/texlive/2021/texmf-dist/tex/latex/tools/xspace.sty
Package: xspace 2014/10/28 v1.13 Space after command names (DPC,MH)
)
\c@blindtext=\count273
\c@Blindtext=\count274
\c@blind@countparstart=\count275
\blind@countxx=\count276
\blindtext@numBlindtext=\count277
\blind@countyy=\count278
\c@blindlist=\count279
\c@blindlistlevel=\count280
\c@blindlist@level=\count281
\blind@listitem=\count282
\c@blind@listcount=\count283
\c@blind@levelcount=\count284
\blind@mathformula=\count285
\blind@Mathformula=\count286
\c@blind@randomcount=\count287
\c@blind@randommax=\count288
\c@blind@pangramcount=\count289
\c@blind@pangrammax=\count290
) (d:/texlive/2021/texmf-dist/tex/latex/tools/multicol.sty
Package: multicol 2021/10/28 v1.9b multicolumn formatting (FMi)
\c@tracingmulticols=\count291
\mult@box=\box55
\multicol@leftmargin=\dimen154
\c@unbalance=\count292
\c@collectmore=\count293
\doublecol@number=\count294
\multicoltolerance=\count295
\multicolpretolerance=\count296
\full@width=\dimen155
\page@free=\dimen156
\premulticols=\dimen157
\postmulticols=\dimen158
\multicolsep=\skip62
\multicolbaselineskip=\skip63
\partial@page=\box56
\last@line=\box57
\maxbalancingoverflow=\dimen159
\mult@rightbox=\box58
\mult@grightbox=\box59
\mult@firstbox=\box60
\mult@gfirstbox=\box61
\@tempa=\box62
\@tempa=\box63
\@tempa=\box64
\@tempa=\box65
\@tempa=\box66
\@tempa=\box67
\@tempa=\box68
\@tempa=\box69
\@tempa=\box70
\@tempa=\box71
\@tempa=\box72
\@tempa=\box73
\@tempa=\box74
\@tempa=\box75
\@tempa=\box76
\@tempa=\box77
\@tempa=\box78
\@tempa=\box79
\@tempa=\box80
\@tempa=\box81
\@tempa=\box82
\@tempa=\box83
\@tempa=\box84
\@tempa=\box85
\@tempa=\box86
\@tempa=\box87
\@tempa=\box88
\@tempa=\box89
\@tempa=\box90
\@tempa=\box91
\@tempa=\box92
\@tempa=\box93
\@tempa=\box94
\@tempa=\box95
\@tempa=\box96
\@tempa=\box97
\c@minrows=\count297
\c@columnbadness=\count298
\c@finalcolumnbadness=\count299
\last@try=\dimen160
\multicolovershoot=\dimen161
\multicolundershoot=\dimen162
\mult@nat@firstbox=\box98
\colbreak@box=\box99
\mc@col@check@num=\count300
) (d:/texlive/2021/texmf-dist/tex/latex/xpatch/xpatch.sty (d:/texlive/2021/texmf-dist/tex/latex/l3kernel/expl3.sty
Package: expl3 2022-01-21 L3 programming layer (loader) 
 (d:/texlive/2021/texmf-dist/tex/latex/l3backend/l3backend-pdftex.def
File: l3backend-pdftex.def 2022-01-12 L3 backend support: PDF output (pdfTeX)
\l__color_backend_stack_int=\count301
\l__pdf_internal_box=\box100
))
Package: xpatch 2020/03/25 v0.3a Extending etoolbox patching commands
 (d:/texlive/2021/texmf-dist/tex/latex/l3packages/xparse/xparse.sty
Package: xparse 2022-01-12 L3 Experimental document command parser
) (d:/texlive/2021/texmf-dist/tex/latex/etoolbox/etoolbox.sty
Package: etoolbox 2020/10/05 v2.5k e-TeX tools for LaTeX (JAW)
\etb@tempcnta=\count302
)) (d:/texlive/2021/texmf-dist/tex/latex/psnfss/mathptmx.sty
Package: mathptmx 2020/03/25 PSNFSS-v9.3 Times w/ Math, improved (SPQR, WaS) 
LaTeX Font Info:    Redeclaring symbol font `operators' on input line 28.
LaTeX Font Info:    Overwriting symbol font `operators' in version `normal'
(Font)                  OT1/cmr/m/n --> OT1/ztmcm/m/n on input line 28.
LaTeX Font Info:    Overwriting symbol font `operators' in version `bold'
(Font)                  OT1/cmr/bx/n --> OT1/ztmcm/m/n on input line 28.
LaTeX Font Info:    Redeclaring symbol font `letters' on input line 29.
LaTeX Font Info:    Overwriting symbol font `letters' in version `normal'
(Font)                  OML/cmm/m/it --> OML/ztmcm/m/it on input line 29.
LaTeX Font Info:    Overwriting symbol font `letters' in version `bold'
(Font)                  OML/cmm/b/it --> OML/ztmcm/m/it on input line 29.
LaTeX Font Info:    Redeclaring symbol font `symbols' on input line 30.
LaTeX Font Info:    Overwriting symbol font `symbols' in version `normal'
(Font)                  OMS/cmsy/m/n --> OMS/ztmcm/m/n on input line 30.
LaTeX Font Info:    Overwriting symbol font `symbols' in version `bold'
(Font)                  OMS/cmsy/b/n --> OMS/ztmcm/m/n on input line 30.
LaTeX Font Info:    Redeclaring symbol font `largesymbols' on input line 31.
LaTeX Font Info:    Overwriting symbol font `largesymbols' in version `normal'
(Font)                  OMX/cmex/m/n --> OMX/ztmcm/m/n on input line 31.
LaTeX Font Info:    Overwriting symbol font `largesymbols' in version `bold'
(Font)                  OMX/cmex/m/n --> OMX/ztmcm/m/n on input line 31.
\symbold=\mathgroup4
\symitalic=\mathgroup5
LaTeX Font Info:    Redeclaring math alphabet \mathbf on input line 34.
LaTeX Font Info:    Overwriting math alphabet `\mathbf' in version `normal'
(Font)                  OT1/cmr/bx/n --> OT1/ptm/bx/n on input line 34.
LaTeX Font Info:    Overwriting math alphabet `\mathbf' in version `bold'
(Font)                  OT1/cmr/bx/n --> OT1/ptm/bx/n on input line 34.
LaTeX Font Info:    Redeclaring math alphabet \mathit on input line 35.
LaTeX Font Info:    Overwriting math alphabet `\mathit' in version `normal'
(Font)                  OT1/cmr/m/it --> OT1/ptm/m/it on input line 35.
LaTeX Font Info:    Overwriting math alphabet `\mathit' in version `bold'
(Font)                  OT1/cmr/bx/it --> OT1/ptm/m/it on input line 35.
LaTeX Info: Redefining \hbar on input line 50.
) (d:/texlive/2021/texmf-dist/tex/latex/diagbox/diagbox.sty
Package: diagbox 2020/02/09 v2.3 Making table heads with diagonal lines
 (d:/texlive/2021/texmf-dist/tex/latex/pict2e/pict2e.sty
Package: pict2e 2020/09/30 v0.4b Improved picture commands (HjG,RN,JT)
 (d:/texlive/2021/texmf-dist/tex/latex/pict2e/pict2e.cfg
File: pict2e.cfg 2016/02/05 v0.1u pict2e configuration for teTeX/TeXLive
)
Package pict2e Info: Driver file: pdftex.def on input line 112.
Package pict2e Info: Driver file for pict2e: p2e-pdftex.def on input line 114.
 (d:/texlive/2021/texmf-dist/tex/latex/pict2e/p2e-pdftex.def
File: p2e-pdftex.def 2016/02/05 v0.1u Driver-dependant file (RN,HjG,JT)
)
\pIIe@GRAPH=\toks26
\@arclen=\dimen163
\@arcrad=\dimen164
\pIIe@tempdima=\dimen165
\pIIe@tempdimb=\dimen166
\pIIe@tempdimc=\dimen167
\pIIe@tempdimd=\dimen168
\pIIe@tempdime=\dimen169
\pIIe@tempdimf=\dimen170
) (d:/texlive/2021/texmf-dist/tex/latex/tools/calc.sty
Package: calc 2017/05/25 v4.3 Infix arithmetic (KKT,FJ)
\calc@Acount=\count303
\calc@Bcount=\count304
\calc@Adimen=\dimen171
\calc@Bdimen=\dimen172
\calc@Askip=\skip64
\calc@Bskip=\skip65
LaTeX Info: Redefining \setlength on input line 80.
LaTeX Info: Redefining \addtolength on input line 81.
\calc@Ccount=\count305
\calc@Cskip=\skip66
) (d:/texlive/2021/texmf-dist/tex/latex/tools/array.sty
Package: array 2021/10/04 v2.5f Tabular extension package (FMi)
\col@sep=\dimen173
\ar@mcellbox=\box101
\extrarowheight=\dimen174
\NC@list=\toks27
\extratabsurround=\skip67
\backup@length=\skip68
\ar@cellbox=\box102
)
\diagbox@boxa=\box103
\diagbox@boxb=\box104
\diagbox@boxm=\box105
\diagbox@wd=\dimen175
\diagbox@ht=\dimen176
\diagbox@insepl=\dimen177
\diagbox@insepr=\dimen178
\diagbox@outsepl=\dimen179
\diagbox@outsepr=\dimen180
) (d:/texlive/2021/texmf-dist/tex/latex/geometry/geometry.sty
Package: geometry 2020/01/02 v5.9 Page Geometry
 (d:/texlive/2021/texmf-dist/tex/generic/iftex/ifvtex.sty
Package: ifvtex 2019/10/25 v1.7 ifvtex legacy package. Use iftex instead.
)
\Gm@cnth=\count306
\Gm@cntv=\count307
\c@Gm@tempcnt=\count308
\Gm@bindingoffset=\dimen181
\Gm@wd@mp=\dimen182
\Gm@odd@mp=\dimen183
\Gm@even@mp=\dimen184
\Gm@layoutwidth=\dimen185
\Gm@layoutheight=\dimen186
\Gm@layouthoffset=\dimen187
\Gm@layoutvoffset=\dimen188
\Gm@dimlist=\toks28
) (d:/texlive/2021/texmf-dist/tex/latex/tools/indentfirst.sty
Package: indentfirst 1995/11/23 v1.03 Indent first paragraph (DPC)
) (d:/texlive/2021/texmf-dist/tex/latex/tocloft/tocloft.sty
Package: tocloft 2017/08/31 v2.3i parameterised ToC, etc., typesetting
Package tocloft Info: The document has chapter divisions on input line 51.
\cftparskip=\skip69
\cftbeforetoctitleskip=\skip70
\cftaftertoctitleskip=\skip71
\cftbeforepartskip=\skip72
\cftpartnumwidth=\skip73
\cftpartindent=\skip74
\cftbeforechapskip=\skip75
\cftchapindent=\skip76
\cftchapnumwidth=\skip77
\cftbeforesecskip=\skip78
\cftsecindent=\skip79
\cftsecnumwidth=\skip80
\cftbeforesubsecskip=\skip81
\cftsubsecindent=\skip82
\cftsubsecnumwidth=\skip83
\cftbeforesubsubsecskip=\skip84
\cftsubsubsecindent=\skip85
\cftsubsubsecnumwidth=\skip86
\cftbeforeparaskip=\skip87
\cftparaindent=\skip88
\cftparanumwidth=\skip89
\cftbeforesubparaskip=\skip90
\cftsubparaindent=\skip91
\cftsubparanumwidth=\skip92
\cftbeforeloftitleskip=\skip93
\cftafterloftitleskip=\skip94
\cftbeforefigskip=\skip95
\cftfigindent=\skip96
\cftfignumwidth=\skip97
\c@lofdepth=\count309
\c@lotdepth=\count310
\cftbeforelottitleskip=\skip98
\cftafterlottitleskip=\skip99
\cftbeforetabskip=\skip100
\cfttabindent=\skip101
\cfttabnumwidth=\skip102
) (d:/texlive/2021/texmf-dist/tex/latex/fontsize/fontsize.sty
Package: fontsize 2021/08/04 v0.8.5 'fontsize' package. Set main font sizes (Ivan Valbusa)
 (d:/texlive/2021/texmf-dist/tex/latex/xkeyval/xkeyval.sty
Package: xkeyval 2020/11/20 v2.8 package option processing (HA)
 (d:/texlive/2021/texmf-dist/tex/generic/xkeyval/xkeyval.tex (d:/texlive/2021/texmf-dist/tex/generic/xkeyval/xkvutils.tex
\XKV@toks=\toks29
\XKV@tempa@toks=\toks30
)
\XKV@depth=\count311
File: xkeyval.tex 2014/12/03 v2.7a key=value parser (HA)
)) (d:/texlive/2021/texmf-dist/tex/latex/l3packages/xfp/xfp.sty
Package: xfp 2022-01-12 L3 Floating point unit
))
Patched makeschapterhead
Patched @makechapterhead
LaTeX Font Info:    Trying to load font information for OT1+ptm on input line 85.
(d:/texlive/2021/texmf-dist/tex/latex/psnfss/ot1ptm.fd
File: ot1ptm.fd 2001/06/04 font definitions for OT1/ptm.
) (tmp/templete.aux)
\openout1 = `templete.aux'.

LaTeX Font Info:    Checking defaults for OML/cmm/m/it on input line 85.
LaTeX Font Info:    ... okay on input line 85.
LaTeX Font Info:    Checking defaults for OMS/cmsy/m/n on input line 85.
LaTeX Font Info:    ... okay on input line 85.
LaTeX Font Info:    Checking defaults for OT1/cmr/m/n on input line 85.
LaTeX Font Info:    ... okay on input line 85.
LaTeX Font Info:    Checking defaults for T1/cmr/m/n on input line 85.
LaTeX Font Info:    ... okay on input line 85.
LaTeX Font Info:    Checking defaults for TS1/cmr/m/n on input line 85.
LaTeX Font Info:    ... okay on input line 85.
LaTeX Font Info:    Checking defaults for OMX/cmex/m/n on input line 85.
LaTeX Font Info:    ... okay on input line 85.
LaTeX Font Info:    Checking defaults for U/cmr/m/n on input line 85.
LaTeX Font Info:    ... okay on input line 85.
LaTeX Font Info:    Checking defaults for C00/song/m/n on input line 85.
LaTeX Font Info:    ... okay on input line 85.
LaTeX Font Info:    Checking defaults for C05/song/m/n on input line 85.
LaTeX Font Info:    ... okay on input line 85.
LaTeX Font Info:    Checking defaults for C09/song/m/n on input line 85.
LaTeX Font Info:    ... okay on input line 85.
LaTeX Font Info:    Checking defaults for C10/song/m/n on input line 85.
LaTeX Font Info:    ... okay on input line 85.
LaTeX Font Info:    Checking defaults for C20/song/m/n on input line 85.
LaTeX Font Info:    ... okay on input line 85.
LaTeX Font Info:    Checking defaults for C19/song/m/n on input line 85.
LaTeX Font Info:    ... okay on input line 85.
LaTeX Font Info:    Checking defaults for C40/song/m/n on input line 85.
LaTeX Font Info:    ... okay on input line 85.
LaTeX Font Info:    Checking defaults for C42/song/m/n on input line 85.
LaTeX Font Info:    ... okay on input line 85.
LaTeX Font Info:    Checking defaults for C43/song/m/n on input line 85.
LaTeX Font Info:    ... okay on input line 85.
LaTeX Font Info:    Checking defaults for C50/song/m/n on input line 85.
LaTeX Font Info:    ... okay on input line 85.
LaTeX Font Info:    Checking defaults for C52/song/m/n on input line 85.
LaTeX Font Info:    ... okay on input line 85.
LaTeX Font Info:    Checking defaults for C49/song/m/n on input line 85.
LaTeX Font Info:    ... okay on input line 85.
LaTeX Font Info:    Checking defaults for C60/mj/m/n on input line 85.
LaTeX Font Info:    ... okay on input line 85.
LaTeX Font Info:    Checking defaults for C61/mj/m/n on input line 85.
LaTeX Font Info:    ... okay on input line 85.
LaTeX Font Info:    Checking defaults for C63/mj/m/n on input line 85.
LaTeX Font Info:    ... okay on input line 85.
LaTeX Font Info:    Checking defaults for C64/mj/m/n on input line 85.
LaTeX Font Info:    ... okay on input line 85.
LaTeX Font Info:    Checking defaults for C65/mj/m/n on input line 85.
LaTeX Font Info:    ... okay on input line 85.
LaTeX Font Info:    Checking defaults for C70/song/m/n on input line 85.
LaTeX Font Info:    ... okay on input line 85.
LaTeX Font Info:    Checking defaults for C31/song/m/n on input line 85.
LaTeX Font Info:    ... okay on input line 85.
LaTeX Font Info:    Checking defaults for C32/song/m/n on input line 85.
LaTeX Font Info:    ... okay on input line 85.
LaTeX Font Info:    Checking defaults for C33/song/m/n on input line 85.
LaTeX Font Info:    ... okay on input line 85.
LaTeX Font Info:    Checking defaults for C34/song/m/n on input line 85.
LaTeX Font Info:    ... okay on input line 85.
LaTeX Font Info:    Checking defaults for C35/song/m/n on input line 85.
LaTeX Font Info:    ... okay on input line 85.
LaTeX Font Info:    Checking defaults for C36/song/m/n on input line 85.
LaTeX Font Info:    ... okay on input line 85.
LaTeX Font Info:    Checking defaults for C37/song/m/n on input line 85.
LaTeX Font Info:    ... okay on input line 85.
LaTeX Font Info:    Checking defaults for C80/song/m/n on input line 85.
LaTeX Font Info:    ... okay on input line 85.
LaTeX Font Info:    Checking defaults for C81/song/m/n on input line 85.
LaTeX Font Info:    ... okay on input line 85.
LaTeX Font Info:    Checking defaults for C01/song/m/n on input line 85.
LaTeX Font Info:    ... okay on input line 85.
LaTeX Font Info:    Checking defaults for C11/song/m/n on input line 85.
LaTeX Font Info:    ... okay on input line 85.
LaTeX Font Info:    Checking defaults for C21/song/m/n on input line 85.
LaTeX Font Info:    ... okay on input line 85.
LaTeX Font Info:    Checking defaults for C41/song/m/n on input line 85.
LaTeX Font Info:    ... okay on input line 85.
LaTeX Font Info:    Checking defaults for C62/song/m/n on input line 85.
LaTeX Font Info:    ... okay on input line 85.
 (d:/texlive/2021/texmf-dist/tex/context/base/mkii/supp-pdf.mkii
[Loading MPS to PDF converter (version 2006.09.02).]
\scratchcounter=\count312
\scratchdimen=\dimen189
\scratchbox=\box106
\nofMPsegments=\count313
\nofMParguments=\count314
\everyMPshowfont=\toks31
\MPscratchCnt=\count315
\MPscratchDim=\dimen190
\MPnumerator=\count316
\makeMPintoPDFobject=\count317
\everyMPtoPDFconversion=\toks32
) (d:/texlive/2021/texmf-dist/tex/latex/epstopdf-pkg/epstopdf-base.sty
Package: epstopdf-base 2020-01-24 v2.11 Base part for package epstopdf
Package epstopdf-base Info: Redefining graphics rule for `.eps' on input line 485.
 (d:/texlive/2021/texmf-dist/tex/latex/latexconfig/epstopdf-sys.cfg
File: epstopdf-sys.cfg 2010/07/13 v1.3 Configuration of (r)epstopdf for TeX Live
))
*geometry* driver: auto-detecting
*geometry* detected driver: pdftex
*geometry* verbose mode - [ preamble ] result:
* driver: pdftex
* paper: a4paper
* layout: <same size as paper>
* layoutoffset:(h,v)=(0.0pt,0.0pt)
* modes: 
* h-part:(L,W,R)=(99.58464pt, 426.79135pt, 71.13188pt)
* v-part:(T,H,B)=(71.13188pt, 702.78308pt, 71.13188pt)
* \paperwidth=597.50787pt
* \paperheight=845.04684pt
* \textwidth=426.79135pt
* \textheight=702.78308pt
* \oddsidemargin=27.31465pt
* \evensidemargin=27.31465pt
* \topmargin=-38.1381pt
* \headheight=12.0pt
* \headsep=25.0pt
* \topskip=12.0pt
* \footskip=30.0pt
* \marginparwidth=54.2025pt
* \marginparsep=10.0pt
* \columnsep=10.0pt
* \skip\footins=12.59996pt plus 5.59938pt minus 2.80058pt
* \hoffset=0.0pt
* \voffset=0.0pt
* \mag=1000
* \@twocolumnfalse
* \@twosidefalse
* \@mparswitchfalse
* \@reversemarginfalse
* (1in=72.27pt=25.4mm, 1cm=28.453pt)

(d:/texlive/2021/texmf-dist/tex/latex/cjk/texinput/UTF8/UTF8.bdg
File: UTF8.bdg 2021/10/16 4.8.5
) (d:/texlive/2021/texmf-dist/tex/latex/cjk/texinput/UTF8/UTF8.enc
File: UTF8.enc 2021/10/16 4.8.5
) (d:/texlive/2021/texmf-dist/tex/latex/cjk/texinput/UTF8/UTF8.chr
File: UTF8.chr 2021/10/16 4.8.5
)
LaTeX Font Info:    Trying to load font information for C70+bkai on input line 89.
 (d:/texlive/2021/texmf-dist/tex/latex/cjk/texinput/UTF8/c70bkai.fd
File: c70bkai.fd 2021/10/16 4.8.5
) (d:/texlive/2021/texmf-dist/tex/latex/cjk/texinput/UTF8/c70bkai.fdx
File: c70bkai.fdx 2021/10/16 4.8.5
) [1

{d:/texlive/2021/texmf-var/fonts/map/pdftex/updmap/pdftex.map}] [1] (tmp/templete.toc
LaTeX Font Info:    Calculating math sizes for size <14> on input line 1.
LaTeX Font Info:    Trying to load font information for OT1+ztmcm on input line 1.
 (d:/texlive/2021/texmf-dist/tex/latex/psnfss/ot1ztmcm.fd
File: ot1ztmcm.fd 2000/01/03 Fontinst v1.801 font definitions for OT1/ztmcm.
)
LaTeX Font Info:    Trying to load font information for OML+ztmcm on input line 1.
 (d:/texlive/2021/texmf-dist/tex/latex/psnfss/omlztmcm.fd
File: omlztmcm.fd 2000/01/03 Fontinst v1.801 font definitions for OML/ztmcm.
)
LaTeX Font Info:    Trying to load font information for OMS+ztmcm on input line 1.
 (d:/texlive/2021/texmf-dist/tex/latex/psnfss/omsztmcm.fd
File: omsztmcm.fd 2000/01/03 Fontinst v1.801 font definitions for OMS/ztmcm.
)
LaTeX Font Info:    Trying to load font information for OMX+ztmcm on input line 1.
 (d:/texlive/2021/texmf-dist/tex/latex/psnfss/omxztmcm.fd
File: omxztmcm.fd 2000/01/03 Fontinst v1.801 font definitions for OMX/ztmcm.
)
LaTeX Font Info:    Font shape `OT1/ptm/bx/n' in size <14> not available
(Font)              Font shape `OT1/ptm/b/n' tried instead on input line 1.
LaTeX Font Info:    Font shape `OT1/ptm/bx/n' in size <10.36008> not available
(Font)              Font shape `OT1/ptm/b/n' tried instead on input line 1.
LaTeX Font Info:    Font shape `OT1/ptm/bx/n' in size <8.40009> not available
(Font)              Font shape `OT1/ptm/b/n' tried instead on input line 1.


LaTeX Font Warning: Font shape `C70/bkai/b/n' undefined
(Font)              using `C70/bkai/m/n' instead on input line 2.

)
\tf@toc=\write3
\openout3 = `templete.toc'.

 [2]
Chapter 1.
<sour01.png, id=124, 1156.32pt x 650.43pt>
File: sour01.png Graphic file (type png)
<use sour01.png>
Package pdftex.def Info: sour01.png  used on input line 195.
(pdftex.def)             Requested size: 128.0374pt x 72.01398pt.
<sour02.png, id=125, 1156.32pt x 650.43pt>
File: sour02.png Graphic file (type png)
<use sour02.png>
Package pdftex.def Info: sour02.png  used on input line 196.
(pdftex.def)             Requested size: 128.0374pt x 72.01398pt.
<sour03.png, id=126, 1156.32pt x 650.43pt>
File: sour03.png Graphic file (type png)
<use sour03.png>
Package pdftex.def Info: sour03.png  used on input line 197.
(pdftex.def)             Requested size: 128.0374pt x 72.01398pt.
<sweet01.png, id=127, 1156.32pt x 650.43pt>
File: sweet01.png Graphic file (type png)
<use sweet01.png>
Package pdftex.def Info: sweet01.png  used on input line 200.
(pdftex.def)             Requested size: 128.0374pt x 72.01398pt.
<sweet02.png, id=128, 1156.32pt x 650.43pt>
File: sweet02.png Graphic file (type png)
<use sweet02.png>
Package pdftex.def Info: sweet02.png  used on input line 201.
(pdftex.def)             Requested size: 128.0374pt x 72.01398pt.
<sweet03.png, id=129, 1156.32pt x 650.43pt>
File: sweet03.png Graphic file (type png)
<use sweet03.png>
Package pdftex.def Info: sweet03.png  used on input line 202.
(pdftex.def)             Requested size: 128.0374pt x 72.01398pt.
<sweet04.png, id=130, 1156.32pt x 650.43pt>
File: sweet04.png Graphic file (type png)
<use sweet04.png>
Package pdftex.def Info: sweet04.png  used on input line 203.
(pdftex.def)             Requested size: 128.0374pt x 72.01398pt.
[1

 <./sour01.png> <./sour02.png> <./sour03.png> <./sweet01.png> <./sweet02.png> <./sweet03.png>]
<spicy01.png, id=152, 1156.32pt x 650.43pt>
File: spicy01.png Graphic file (type png)
<use spicy01.png>
Package pdftex.def Info: spicy01.png  used on input line 205.
(pdftex.def)             Requested size: 128.0374pt x 72.01398pt.
<spicy02.png, id=153, 1156.32pt x 650.43pt>
File: spicy02.png Graphic file (type png)
<use spicy02.png>
Package pdftex.def Info: spicy02.png  used on input line 206.
(pdftex.def)             Requested size: 128.0374pt x 72.01398pt.
<spicy03.png, id=154, 1156.32pt x 650.43pt>
File: spicy03.png Graphic file (type png)
<use spicy03.png>
Package pdftex.def Info: spicy03.png  used on input line 207.
(pdftex.def)             Requested size: 128.0374pt x 72.01398pt.
<salty01.png, id=155, 1156.32pt x 650.43pt>
File: salty01.png Graphic file (type png)
<use salty01.png>
Package pdftex.def Info: salty01.png  used on input line 210.
(pdftex.def)             Requested size: 128.0374pt x 72.01398pt.
<salty02.png, id=156, 1156.32pt x 650.43pt>
File: salty02.png Graphic file (type png)
<use salty02.png>
Package pdftex.def Info: salty02.png  used on input line 211.
(pdftex.def)             Requested size: 128.0374pt x 72.01398pt.
<salty03.png, id=157, 1156.32pt x 650.43pt>
File: salty03.png Graphic file (type png)
<use salty03.png>
Package pdftex.def Info: salty03.png  used on input line 212.
(pdftex.def)             Requested size: 128.0374pt x 72.01398pt.
<yummy01.png, id=158, 1156.32pt x 650.43pt>
File: yummy01.png Graphic file (type png)
<use yummy01.png>
Package pdftex.def Info: yummy01.png  used on input line 215.
(pdftex.def)             Requested size: 128.0374pt x 72.01398pt.
<yummy02.png, id=159, 1156.32pt x 650.43pt>
File: yummy02.png Graphic file (type png)
<use yummy02.png>
Package pdftex.def Info: yummy02.png  used on input line 216.
(pdftex.def)             Requested size: 128.0374pt x 72.01398pt.
<yummy03.png, id=160, 1156.32pt x 650.43pt>
File: yummy03.png Graphic file (type png)
<use yummy03.png>
Package pdftex.def Info: yummy03.png  used on input line 217.
(pdftex.def)             Requested size: 128.0374pt x 72.01398pt.
<snack01.png, id=161, 1156.32pt x 650.43pt>
File: snack01.png Graphic file (type png)
<use snack01.png>
Package pdftex.def Info: snack01.png  used on input line 220.
(pdftex.def)             Requested size: 128.0374pt x 72.01398pt.
<snack02.png, id=162, 1156.32pt x 650.43pt>
File: snack02.png Graphic file (type png)
<use snack02.png>
Package pdftex.def Info: snack02.png  used on input line 221.
(pdftex.def)             Requested size: 128.0374pt x 72.01398pt.
<snack03.png, id=163, 1156.32pt x 650.43pt>
File: snack03.png Graphic file (type png)
<use snack03.png>
Package pdftex.def Info: snack03.png  used on input line 222.
(pdftex.def)             Requested size: 128.0374pt x 72.01398pt.
<snack04.png, id=164, 1156.32pt x 650.43pt>
File: snack04.png Graphic file (type png)
<use snack04.png>
Package pdftex.def Info: snack04.png  used on input line 223.
(pdftex.def)             Requested size: 128.0374pt x 72.01398pt.
<dumpling01.png, id=165, 1156.32pt x 650.43pt>
File: dumpling01.png Graphic file (type png)
<use dumpling01.png>
Package pdftex.def Info: dumpling01.png  used on input line 225.
(pdftex.def)             Requested size: 128.0374pt x 72.01398pt.
<dumpling02.png, id=166, 1156.32pt x 650.43pt>
File: dumpling02.png Graphic file (type png)
<use dumpling02.png>
Package pdftex.def Info: dumpling02.png  used on input line 226.
(pdftex.def)             Requested size: 128.0374pt x 72.01398pt.
<dumpling03.png, id=167, 1156.32pt x 650.43pt>
File: dumpling03.png Graphic file (type png)
<use dumpling03.png>
Package pdftex.def Info: dumpling03.png  used on input line 227.
(pdftex.def)             Requested size: 128.0374pt x 72.01398pt.
<dumpling04.png, id=168, 1156.32pt x 650.43pt>
File: dumpling04.png Graphic file (type png)
<use dumpling04.png>
Package pdftex.def Info: dumpling04.png  used on input line 228.
(pdftex.def)             Requested size: 128.0374pt x 72.01398pt.
<dumpling05.png, id=169, 1156.32pt x 650.43pt>
File: dumpling05.png Graphic file (type png)
<use dumpling05.png>
Package pdftex.def Info: dumpling05.png  used on input line 229.
(pdftex.def)             Requested size: 128.0374pt x 72.01398pt.
 [2 <./sweet04.png> <./spicy01.png> <./spicy02.png> <./spicy03.png> <./salty01.png> <./salty02.png> <./salty03.png> <./yummy01.png> <./yummy02.png> <./yummy03.png> <./snack01.png> <./snack02.png> <./snack03.png> <./snack04.png> <./dumpling01.png> <./dumpling02.png> <./dumpling03.png>]
<bubbletea01.png, id=173, 1156.32pt x 650.43pt>
File: bubbletea01.png Graphic file (type png)
<use bubbletea01.png>
Package pdftex.def Info: bubbletea01.png  used on input line 231.
(pdftex.def)             Requested size: 128.0374pt x 72.01398pt.
<bubbletea02.png, id=174, 1156.32pt x 650.43pt>
File: bubbletea02.png Graphic file (type png)
<use bubbletea02.png>
Package pdftex.def Info: bubbletea02.png  used on input line 232.
(pdftex.def)             Requested size: 128.0374pt x 72.01398pt.
<bubbletea03.png, id=175, 1156.32pt x 650.43pt>
File: bubbletea03.png Graphic file (type png)
<use bubbletea03.png>
Package pdftex.def Info: bubbletea03.png  used on input line 233.
(pdftex.def)             Requested size: 128.0374pt x 72.01398pt.
<bubbletea04.png, id=176, 1156.32pt x 650.43pt>
File: bubbletea04.png Graphic file (type png)
<use bubbletea04.png>
Package pdftex.def Info: bubbletea04.png  used on input line 234.
(pdftex.def)             Requested size: 128.0374pt x 72.01398pt.
<bubbletea05.png, id=177, 1156.32pt x 650.43pt>
File: bubbletea05.png Graphic file (type png)
<use bubbletea05.png>
Package pdftex.def Info: bubbletea05.png  used on input line 235.
(pdftex.def)             Requested size: 128.0374pt x 72.01398pt.
 [3 <./dumpling04.png> <./dumpling05.png> <./bubbletea01.png> <./bubbletea02.png> <./bubbletea03.png> <./bubbletea04.png> <./bubbletea05.png>]
<demo.jpg, id=192, 235.88126pt x 214.8025pt>
File: demo.jpg Graphic file (type jpg)
<use demo.jpg>
Package pdftex.def Info: demo.jpg  used on input line 261.
(pdftex.def)             Requested size: 216.81pt x 197.43715pt.
 [4 <./demo.jpg>]
Chapter 2.
<mediapipe.png, id=200, 1230.5975pt x 491.8375pt>
File: mediapipe.png Graphic file (type png)
<use mediapipe.png>
Package pdftex.def Info: mediapipe.png  used on input line 284.
(pdftex.def)             Requested size: 361.34999pt x 144.41536pt.
LaTeX Font Info:    Trying to load font information for TS1+ptm on input line 290.
(d:/texlive/2021/texmf-dist/tex/latex/psnfss/ts1ptm.fd
File: ts1ptm.fd 2001/06/04 font definitions for TS1/ptm.
) [5

 <./mediapipe.png>]
<transformer_model.png, id=208, 353.32pt x 522.95375pt>
File: transformer_model.png Graphic file (type png)
<use transformer_model.png>
Package pdftex.def Info: transformer_model.png  used on input line 302.
(pdftex.def)             Requested size: 216.81pt x 320.90845pt.
 [6 <./transformer_model.png>]
<convolution_model.png, id=213, 388.45125pt x 472.76625pt>
File: convolution_model.png Graphic file (type png)
<use convolution_model.png>
Package pdftex.def Info: convolution_model.png  used on input line 308.
(pdftex.def)             Requested size: 216.81pt x 263.87442pt.
 [7 <./convolution_model.png>]
<Lstm_model.png, id=218, 363.3575pt x 362.35374pt>
File: Lstm_model.png Graphic file (type png)
<use Lstm_model.png>
Package pdftex.def Info: Lstm_model.png  used on input line 313.
(pdftex.def)             Requested size: 216.81pt x 216.21411pt.

Overfull \hbox (24.43031pt too wide) in paragraph at lines 319--320
[]\C70/bkai/m/n/14/6a ! \C70/bkai/m/n/14/57 ‹ \C70/bkai/m/n/14/67 ^^@ \C70/bkai/m/n/14/5f Œ \C70/bkai/m/n/14/4e ^^@ \C70/bkai/m/n/14/5c d \C70/bkai/m/n/14/63 r \C70/bkai/m/n/14/7a M \C70/bkai/m/n/14/5c d \C70/bkai/m/n/14/75 ^^_ \C70/bkai/m/n/14/62 ^^P \C70/bkai/m/n/14/76 „ \C70/bkai/m/n/14/6b Ï \C70/bkai/m/n/14/5f 5 \C70/bkai/m/n/14/72 y \C70/bkai/m/n/14/5f µ \C70/bkai/m/n/14/57 ^^V ( \C70/bkai/b/n/14/7d “ \C70/bkai/m/n/14/90 N\OT1/ptm/m/n/14 GlobalAveragePooling\C70/bkai/m/n/14/5f Œ
 []


Underfull \hbox (badness 10000) in paragraph at lines 325--326

 []

[8 <./Lstm_model.png>] [9]
Chapter 3.
LaTeX Font Info:    Calculating math sizes for size <20.16003> on input line 369.
LaTeX Font Info:    Font shape `OT1/ptm/bx/n' in size <20.16003> not available
(Font)              Font shape `OT1/ptm/b/n' tried instead on input line 369.
LaTeX Font Info:    Font shape `OT1/ptm/bx/n' in size <14.91853> not available
(Font)              Font shape `OT1/ptm/b/n' tried instead on input line 369.
LaTeX Font Info:    Font shape `OT1/ptm/bx/n' in size <12.09613> not available
(Font)              Font shape `OT1/ptm/b/n' tried instead on input line 369.
[10

]
<Transformer_vector_confusion_matrix.png, id=240, 722.7pt x 505.89pt>
File: Transformer_vector_confusion_matrix.png Graphic file (type png)
<use Transformer_vector_confusion_matrix.png>
Package pdftex.def Info: Transformer_vector_confusion_matrix.png  used on input line 392.
(pdftex.def)             Requested size: 284.52756pt x 199.17207pt.
<Convolution_confusion_matrix.png, id=241, 722.7pt x 505.89pt>
File: Convolution_confusion_matrix.png Graphic file (type png)
<use Convolution_confusion_matrix.png>
Package pdftex.def Info: Convolution_confusion_matrix.png  used on input line 394.
(pdftex.def)             Requested size: 284.52756pt x 199.17207pt.
<Lstm_confusion_matrix.png, id=242, 722.7pt x 505.89pt>
File: Lstm_confusion_matrix.png Graphic file (type png)
<use Lstm_confusion_matrix.png>
Package pdftex.def Info: Lstm_confusion_matrix.png  used on input line 396.
(pdftex.def)             Requested size: 284.52756pt x 199.17207pt.
 [11 <./Transformer_vector_confusion_matrix.png> <./Convolution_confusion_matrix.png> <./Lstm_confusion_matrix.png>] [12]
Chapter 4.
[13

]
Chapter 5.
[14

] [15

]
Missing character: There is no ^^A in font bkaiu03!
[16

] [17

] [18

] [19

] (tmp/templete.aux)

LaTeX Font Warning: Some font shapes were not available, defaults substituted.

 ) 
Here is how much of TeX's memory you used:
 8396 strings out of 478287
 128426 string characters out of 5850749
 423923 words of memory out of 5000000
 26115 multiletter control sequences out of 15000+600000
 549427 words of font info for 245 fonts, out of 8000000 for 9000
 1141 hyphenation exceptions out of 8191
 56i,9n,75p,634b,1211s stack positions out of 5000i,500n,10000p,200000b,80000s
{d:/texlive/2021/texmf-dist/fonts/enc/dvips/base/8r.enc}<d:/texlive/2021/texmf-dist/fonts/type1/arphic/bkaiu/bkaiu25.pfb><d:/texlive/2021/texmf-dist/fonts/type1/arphic/bkaiu/bkaiu30.pfb><d:/texlive/2021/texmf-dist/fonts/type1/arphic/bkaiu/bkaiu4e.pfb><d:/texlive/2021/texmf-dist/fonts/type1/arphic/bkaiu/bkaiu4f.pfb><d:/texlive/2021/texmf-dist/fonts/type1/arphic/bkaiu/bkaiu50.pfb><d:/texlive/2021/texmf-dist/fonts/type1/arphic/bkaiu/bkaiu51.pfb><d:/texlive/2021/texmf-dist/fonts/type1/arphic/bkaiu/bkaiu52.pfb><d:/texlive/2021/texmf-dist/fonts/type1/arphic/bkaiu/bkaiu53.pfb><d:/texlive/2021/texmf-dist/fonts/type1/arphic/bkaiu/bkaiu54.pfb><d:/texlive/2021/texmf-dist/fonts/type1/arphic/bkaiu/bkaiu55.pfb><d:/texlive/2021/texmf-dist/fonts/type1/arphic/bkaiu/bkaiu56.pfb><d:/texlive/2021/texmf-dist/fonts/type1/arphic/bkaiu/bkaiu57.pfb><d:/texlive/2021/texmf-dist/fonts/type1/arphic/bkaiu/bkaiu58.pfb><d:/texlive/2021/texmf-dist/fonts/type1/arphic/bkaiu/bkaiu59.pfb><d:/texlive/2021/texmf-dist/fonts/type1/arphic/bkaiu/bkaiu5b.pfb><d:/texlive/2021/texmf-dist/fonts/type1/arphic/bkaiu/bkaiu5c.pfb><d:/texlive/2021/texmf-dist/fonts/type1/arphic/bkaiu/bkaiu5d.pfb><d:/texlive/2021/texmf-dist/fonts/type1/arphic/bkaiu/bkaiu5e.pfb><d:/texlive/2021/texmf-dist/fonts/type1/arphic/bkaiu/bkaiu5f.pfb><d:/texlive/2021/texmf-dist/fonts/type1/arphic/bkaiu/bkaiu60.pfb><d:/texlive/2021/texmf-dist/fonts/type1/arphic/bkaiu/bkaiu61.pfb><d:/texlive/2021/texmf-dist/fonts/type1/arphic/bkaiu/bkaiu62.pfb><d:/texlive/2021/texmf-dist/fonts/type1/arphic/bkaiu/bkaiu63.pfb><d:/texlive/2021/texmf-dist/fonts/type1/arphic/bkaiu/bkaiu64.pfb><d:/texlive/2021/texmf-dist/fonts/type1/arphic/bkaiu/bkaiu65.pfb><d:/texlive/2021/texmf-dist/fonts/type1/arphic/bkaiu/bkaiu66.pfb><d:/texlive/2021/texmf-dist/fonts/type1/arphic/bkaiu/bkaiu67.pfb><d:/texlive/2021/texmf-dist/fonts/type1/arphic/bkaiu/bkaiu68.pfb><d:/texlive/2021/texmf-dist/fonts/type1/arphic/bkaiu/bkaiu69.pfb><d:/texlive/2021/texmf-dist/fonts/type1/arphic/bkaiu/bkaiu6a.pfb><d:/texlive/2021/texmf-dist/fonts/type1/arphic/bkaiu/bkaiu6b.pfb><d:/texlive/2021/texmf-dist/fonts/type1/arphic/bkaiu/bkaiu6c.pfb><d:/texlive/2021/texmf-dist/fonts/type1/arphic/bkaiu/bkaiu6d.pfb><d:/texlive/2021/texmf-dist/fonts/type1/arphic/bkaiu/bkaiu6e.pfb><d:/texlive/2021/texmf-dist/fonts/type1/arphic/bkaiu/bkaiu6f.pfb><d:/texlive/2021/texmf-dist/fonts/type1/arphic/bkaiu/bkaiu70.pfb><d:/texlive/2021/texmf-dist/fonts/type1/arphic/bkaiu/bkaiu71.pfb><d:/texlive/2021/texmf-dist/fonts/type1/arphic/bkaiu/bkaiu72.pfb><d:/texlive/2021/texmf-dist/fonts/type1/arphic/bkaiu/bkaiu73.pfb><d:/texlive/2021/texmf-dist/fonts/type1/arphic/bkaiu/bkaiu74.pfb><d:/texlive/2021/texmf-dist/fonts/type1/arphic/bkaiu/bkaiu75.pfb><d:/texlive/2021/texmf-dist/fonts/type1/arphic/bkaiu/bkaiu76.pfb><d:/texlive/2021/texmf-dist/fonts/type1/arphic/bkaiu/bkaiu77.pfb><d:/texlive/2021/texmf-dist/fonts/type1/arphic/bkaiu/bkaiu78.pfb><d:/texlive/2021/texmf-dist/fonts/type1/arphic/bkaiu/bkaiu79.pfb><d:/texlive/2021/texmf-dist/fonts/type1/arphic/bkaiu/bkaiu7a.pfb><d:/texlive/2021/texmf-dist/fonts/type1/arphic/bkaiu/bkaiu7b.pfb><d:/texlive/2021/texmf-dist/fonts/type1/arphic/bkaiu/bkaiu7c.pfb><d:/texlive/2021/texmf-dist/fonts/type1/arphic/bkaiu/bkaiu7d.pfb><d:/texlive/2021/texmf-dist/fonts/type1/arphic/bkaiu/bkaiu7f.pfb><d:/texlive/2021/texmf-dist/fonts/type1/arphic/bkaiu/bkaiu80.pfb><d:/texlive/2021/texmf-dist/fonts/type1/arphic/bkaiu/bkaiu81.pfb><d:/texlive/2021/texmf-dist/fonts/type1/arphic/bkaiu/bkaiu82.pfb><d:/texlive/2021/texmf-dist/fonts/type1/arphic/bkaiu/bkaiu83.pfb><d:/texlive/2021/texmf-dist/fonts/type1/arphic/bkaiu/bkaiu85.pfb><d:/texlive/2021/texmf-dist/fonts/type1/arphic/bkaiu/bkaiu86.pfb><d:/texlive/2021/texmf-dist/fonts/type1/arphic/bkaiu/bkaiu88.pfb><d:/texlive/2021/texmf-dist/fonts/type1/arphic/bkaiu/bkaiu89.pfb><d:/texlive/2021/texmf-dist/fonts/type1/arphic/bkaiu/bkaiu8a.pfb><d:/texlive/2021/texmf-dist/fonts/type1/arphic/bkaiu/bkaiu8b.pfb><d:/texlive/2021/texmf-dist/fonts/type1/arphic/bkaiu/bkaiu8c.pfb><d:/texlive/2021/texmf-dist/fonts/type1/arphic/bkaiu/bkaiu8d.pfb><d:/texlive/2021/texmf-dist/fonts/type1/arphic/bkaiu/bkaiu8e.pfb><d:/texlive/2021/texmf-dist/fonts/type1/arphic/bkaiu/bkaiu8f.pfb><d:/texlive/2021/texmf-dist/fonts/type1/arphic/bkaiu/bkaiu90.pfb><d:/texlive/2021/texmf-dist/fonts/type1/arphic/bkaiu/bkaiu91.pfb><d:/texlive/2021/texmf-dist/fonts/type1/arphic/bkaiu/bkaiu93.pfb><d:/texlive/2021/texmf-dist/fonts/type1/arphic/bkaiu/bkaiu95.pfb><d:/texlive/2021/texmf-dist/fonts/type1/arphic/bkaiu/bkaiu96.pfb><d:/texlive/2021/texmf-dist/fonts/type1/arphic/bkaiu/bkaiu97.pfb><d:/texlive/2021/texmf-dist/fonts/type1/arphic/bkaiu/bkaiu98.pfb><d:/texlive/2021/texmf-dist/fonts/type1/arphic/bkaiu/bkaiu99.pfb><d:/texlive/2021/texmf-dist/fonts/type1/arphic/bkaiu/bkaiu9a.pfb><d:/texlive/2021/texmf-dist/fonts/type1/arphic/bkaiu/bkaiu9e.pfb><d:/texlive/2021/texmf-dist/fonts/type1/arphic/bkaiu/bkaiuff.pfb><d:/texlive/2021/texmf-dist/fonts/type1/public/amsfonts/cm/cmmi10.pfb><d:/texlive/2021/texmf-dist/fonts/type1/public/amsfonts/cm/cmr10.pfb><d:/texlive/2021/texmf-dist/fonts/type1/public/amsfonts/cm/cmsy10.pfb><d:/texlive/2021/texmf-dist/fonts/type1/urw/times/utmb8a.pfb><d:/texlive/2021/texmf-dist/fonts/type1/urw/times/utmr8a.pfb><d:/texlive/2021/texmf-dist/fonts/type1/urw/times/utmri8a.pfb>
Output written on tmp/templete.pdf (22 pages, 73991763 bytes).
PDF statistics:
 605 PDF objects out of 1000 (max. 8388607)
 295 compressed objects within 3 object streams
 0 named destinations out of 1000 (max. 500000)
 495 words of extra memory for PDF output out of 10000 (max. 10000000)

